<?xml version="1.0" encoding="UTF-8"?>
<testsuite name="FirstTest" tests="1" skipped="0" failures="0" errors="0" timestamp="2019-09-30T17:02:05" hostname="MBPs-MBP" time="6.902">
  <properties/>
  <testcase name="searchGoogleTest" classname="FirstTest" time="6.902"/>
  <system-out><![CDATA[]]></system-out>
  <system-err><![CDATA[Starting ChromeDriver 76.0.3809.126 (d80a294506b4c9d18015e755cee48f953ddc3f2f-refs/branch-heads/3809@{#1024}) on port 14783
Only local connections are allowed.
Please protect ports used by ChromeDriver and related test frameworks to prevent access by malicious code.
[1569862928.008][WARNING]: This version of ChromeDriver has not been tested with Chrome version 77.
[1569862928.062][WARNING]: This version of ChromeDriver has not been tested with Chrome version 77.
Sep 30, 2019 8:02:08 PM org.openqa.selenium.remote.ProtocolHandshake createSession
INFO: Detected dialect: W3C
]]></system-err>
</testsuite>
